{"message":"connected to mongodb","level":"info"}
{"message":"connected to mongodb","level":"info"}
{"message":"Server listening request on port 3000...","level":"info"}
{"message":"connected to mongodb","level":"info"}
{"message":"Server listening request on port 3000...","level":"info"}
{"message":"connected to mongodb","level":"info"}
{"message":"Server listening request on port 3000...","level":"info"}
{"message":"connected to mongodb","level":"info"}
{"errors":{"name":{"name":"ValidatorError","message":"Path `name` (`kppp`) is shorter than the minimum allowed length (5).","properties":{"message":"Path `name` (`kppp`) is shorter than the minimum allowed length (5).","type":"minlength","minlength":5,"path":"name","value":"kppp"},"kind":"minlength","path":"name","value":"kppp"}},"_message":"User validation failed","level":"error","message":"User validation failed: name: Path `name` (`kppp`) is shorter than the minimum allowed length (5). User validation failed: name: Path `name` (`kppp`) is shorter than the minimum allowed length (5).","stack":"ValidationError: User validation failed: name: Path `name` (`kppp`) is shorter than the minimum allowed length (5).\n    at model.Document.invalidate (C:\\Users\\korad\\Documents\\github\\js\\vidly\\node_modules\\mongoose\\lib\\document.js:2869:32)\n    at C:\\Users\\korad\\Documents\\github\\js\\vidly\\node_modules\\mongoose\\lib\\document.js:2660:17\n    at C:\\Users\\korad\\Documents\\github\\js\\vidly\\node_modules\\mongoose\\lib\\schematype.js:1267:9\n    at processTicksAndRejections (internal/process/task_queues.js:79:11)"}
{"message":"Server listening request on port 3000...","level":"info"}
{"message":"connected to mongodb","level":"info"}
{"level":"error","message":"secretOrPrivateKey must have a value secretOrPrivateKey must have a value","stack":"Error: secretOrPrivateKey must have a value\n    at Object.module.exports [as sign] (C:\\Users\\korad\\Documents\\github\\js\\vidly\\node_modules\\jsonwebtoken\\sign.js:107:20)\n    at model.userSchema.methods.generateAuthToken (C:\\Users\\korad\\Documents\\github\\js\\vidly\\models\\user.js:29:16)\n    at C:\\Users\\korad\\Documents\\github\\js\\vidly\\routes\\users.js:39:24\n    at processTicksAndRejections (internal/process/task_queues.js:97:5)"}
{"message":"Server listening request on port 3000...","level":"info"}
{"message":"connected to mongodb","level":"info"}
{"message":"Server listening request on port 3000...","level":"info"}
{"message":"connected to mongodb","level":"info"}
{"level":"error","message":"Joi is not defined Joi is not defined","stack":"ReferenceError: Joi is not defined\n    at validate (C:\\Users\\korad\\Documents\\github\\js\\vidly\\routes\\auth.js:31:20)\n    at C:\\Users\\korad\\Documents\\github\\js\\vidly\\routes\\auth.js:10:23\n    at newFn (C:\\Users\\korad\\Documents\\github\\js\\vidly\\node_modules\\express-async-errors\\index.js:16:20)\n    at Layer.handle [as handle_request] (C:\\Users\\korad\\Documents\\github\\js\\vidly\\node_modules\\express\\lib\\router\\layer.js:95:5)\n    at next (C:\\Users\\korad\\Documents\\github\\js\\vidly\\node_modules\\express\\lib\\router\\route.js:137:13)\n    at Route.dispatch (C:\\Users\\korad\\Documents\\github\\js\\vidly\\node_modules\\express\\lib\\router\\route.js:112:3)\n    at newFn (C:\\Users\\korad\\Documents\\github\\js\\vidly\\node_modules\\express-async-errors\\index.js:16:20)\n    at Layer.handle [as handle_request] (C:\\Users\\korad\\Documents\\github\\js\\vidly\\node_modules\\express\\lib\\router\\layer.js:95:5)\n    at C:\\Users\\korad\\Documents\\github\\js\\vidly\\node_modules\\express\\lib\\router\\index.js:281:22\n    at Function.process_params (C:\\Users\\korad\\Documents\\github\\js\\vidly\\node_modules\\express\\lib\\router\\index.js:335:12)\n    at next (C:\\Users\\korad\\Documents\\github\\js\\vidly\\node_modules\\express\\lib\\router\\index.js:275:10)\n    at Function.handle (C:\\Users\\korad\\Documents\\github\\js\\vidly\\node_modules\\express\\lib\\router\\index.js:174:3)\n    at router (C:\\Users\\korad\\Documents\\github\\js\\vidly\\node_modules\\express\\lib\\router\\index.js:47:12)\n    at newFn (C:\\Users\\korad\\Documents\\github\\js\\vidly\\node_modules\\express-async-errors\\index.js:16:20)\n    at Layer.handle [as handle_request] (C:\\Users\\korad\\Documents\\github\\js\\vidly\\node_modules\\express\\lib\\router\\layer.js:95:5)\n    at trim_prefix (C:\\Users\\korad\\Documents\\github\\js\\vidly\\node_modules\\express\\lib\\router\\index.js:317:13)"}
{"level":"error","message":"Joi is not defined Joi is not defined","stack":"ReferenceError: Joi is not defined\n    at validate (C:\\Users\\korad\\Documents\\github\\js\\vidly\\routes\\auth.js:31:20)\n    at C:\\Users\\korad\\Documents\\github\\js\\vidly\\routes\\auth.js:10:23\n    at newFn (C:\\Users\\korad\\Documents\\github\\js\\vidly\\node_modules\\express-async-errors\\index.js:16:20)\n    at Layer.handle [as handle_request] (C:\\Users\\korad\\Documents\\github\\js\\vidly\\node_modules\\express\\lib\\router\\layer.js:95:5)\n    at next (C:\\Users\\korad\\Documents\\github\\js\\vidly\\node_modules\\express\\lib\\router\\route.js:137:13)\n    at Route.dispatch (C:\\Users\\korad\\Documents\\github\\js\\vidly\\node_modules\\express\\lib\\router\\route.js:112:3)\n    at newFn (C:\\Users\\korad\\Documents\\github\\js\\vidly\\node_modules\\express-async-errors\\index.js:16:20)\n    at Layer.handle [as handle_request] (C:\\Users\\korad\\Documents\\github\\js\\vidly\\node_modules\\express\\lib\\router\\layer.js:95:5)\n    at C:\\Users\\korad\\Documents\\github\\js\\vidly\\node_modules\\express\\lib\\router\\index.js:281:22\n    at Function.process_params (C:\\Users\\korad\\Documents\\github\\js\\vidly\\node_modules\\express\\lib\\router\\index.js:335:12)\n    at next (C:\\Users\\korad\\Documents\\github\\js\\vidly\\node_modules\\express\\lib\\router\\index.js:275:10)\n    at Function.handle (C:\\Users\\korad\\Documents\\github\\js\\vidly\\node_modules\\express\\lib\\router\\index.js:174:3)\n    at router (C:\\Users\\korad\\Documents\\github\\js\\vidly\\node_modules\\express\\lib\\router\\index.js:47:12)\n    at newFn (C:\\Users\\korad\\Documents\\github\\js\\vidly\\node_modules\\express-async-errors\\index.js:16:20)\n    at Layer.handle [as handle_request] (C:\\Users\\korad\\Documents\\github\\js\\vidly\\node_modules\\express\\lib\\router\\layer.js:95:5)\n    at trim_prefix (C:\\Users\\korad\\Documents\\github\\js\\vidly\\node_modules\\express\\lib\\router\\index.js:317:13)"}
{"message":"Server listening request on port 3000...","level":"info"}
{"message":"connected to mongodb","level":"info"}
{"level":"error","message":"Joi is not defined Joi is not defined","stack":"ReferenceError: Joi is not defined\n    at validate (C:\\Users\\korad\\Documents\\github\\js\\vidly\\routes\\auth.js:31:20)\n    at C:\\Users\\korad\\Documents\\github\\js\\vidly\\routes\\auth.js:10:23\n    at newFn (C:\\Users\\korad\\Documents\\github\\js\\vidly\\node_modules\\express-async-errors\\index.js:16:20)\n    at Layer.handle [as handle_request] (C:\\Users\\korad\\Documents\\github\\js\\vidly\\node_modules\\express\\lib\\router\\layer.js:95:5)\n    at next (C:\\Users\\korad\\Documents\\github\\js\\vidly\\node_modules\\express\\lib\\router\\route.js:137:13)\n    at Route.dispatch (C:\\Users\\korad\\Documents\\github\\js\\vidly\\node_modules\\express\\lib\\router\\route.js:112:3)\n    at newFn (C:\\Users\\korad\\Documents\\github\\js\\vidly\\node_modules\\express-async-errors\\index.js:16:20)\n    at Layer.handle [as handle_request] (C:\\Users\\korad\\Documents\\github\\js\\vidly\\node_modules\\express\\lib\\router\\layer.js:95:5)\n    at C:\\Users\\korad\\Documents\\github\\js\\vidly\\node_modules\\express\\lib\\router\\index.js:281:22\n    at Function.process_params (C:\\Users\\korad\\Documents\\github\\js\\vidly\\node_modules\\express\\lib\\router\\index.js:335:12)\n    at next (C:\\Users\\korad\\Documents\\github\\js\\vidly\\node_modules\\express\\lib\\router\\index.js:275:10)\n    at Function.handle (C:\\Users\\korad\\Documents\\github\\js\\vidly\\node_modules\\express\\lib\\router\\index.js:174:3)\n    at router (C:\\Users\\korad\\Documents\\github\\js\\vidly\\node_modules\\express\\lib\\router\\index.js:47:12)\n    at newFn (C:\\Users\\korad\\Documents\\github\\js\\vidly\\node_modules\\express-async-errors\\index.js:16:20)\n    at Layer.handle [as handle_request] (C:\\Users\\korad\\Documents\\github\\js\\vidly\\node_modules\\express\\lib\\router\\layer.js:95:5)\n    at trim_prefix (C:\\Users\\korad\\Documents\\github\\js\\vidly\\node_modules\\express\\lib\\router\\index.js:317:13)"}
{"message":"Server listening request on port 3000...","level":"info"}
{"message":"connected to mongodb","level":"info"}
{"message":"Server listening request on port 3000...","level":"info"}
{"message":"connected to mongodb","level":"info"}
{"message":"Server listening request on port 3000...","level":"info"}
{"message":"connected to mongodb","level":"info"}
{"message":"Server listening request on port 3000...","level":"info"}
{"message":"connected to mongodb","level":"info"}
{"message":"Server listening request on port 3000...","level":"info"}
{"message":"connected to mongodb","level":"info"}
{"message":"Server listening request on port 3000...","level":"info"}
{"message":"connected to mongodb","level":"info"}
{"message":"Server listening request on port 3000...","level":"info"}
{"message":"connected to mongodb","level":"info"}
{"message":"Server listening request on port 3000...","level":"info"}
{"message":"connected to mongodb","level":"info"}
{"message":"Server listening request on port 3000...","level":"info"}
{"message":"connected to mongodb","level":"info"}
{"message":"Server listening request on port 3000...","level":"info"}
{"message":"connected to mongodb","level":"info"}
{"message":"Server listening request on port 3000...","level":"info"}
{"message":"connected to mongodb","level":"info"}
{"message":"Server listening request on port 3000...","level":"info"}
{"message":"connected to mongodb","level":"info"}
{"message":"Server listening request on port 3000...","level":"info"}
{"message":"connected to mongodb","level":"info"}
